Vivado Simulator v2024.1
Copyright 1986-2022 Xilinx, Inc. All Rights Reserved.
Copyright 2022-2024 Advanced Micro Devices, Inc. All Rights Reserved.
Running: C:/Xilinx/Vivado/2024.1/bin/unwrapped/win64.o/xelab.exe --incr --debug typical --relax --mt 2 -L xil_defaultlib -L blk_mem_gen_v8_4_8 -L unisims_ver -L unimacro_ver -L secureip -L xpm --snapshot tb_behav xil_defaultlib.tb xil_defaultlib.glbl -log elaborate.log 
Using 2 slave threads.
Starting static elaboration
Pass Through NonSizing Optimizer
Completed static elaboration
Starting simulation data flow analysis
Completed simulation data flow analysis
Time Resolution for simulation is 1ps
Compiling module xil_defaultlib.two2four_maddr
Compiling module blk_mem_gen_v8_4_8.blk_mem_gen_v8_4_8_output_stage(...
Compiling module blk_mem_gen_v8_4_8.blk_mem_gen_v8_4_8_softecc_outpu...
Compiling module blk_mem_gen_v8_4_8.blk_mem_gen_v8_4_8_mem_module(C_...
Compiling module blk_mem_gen_v8_4_8.blk_mem_gen_v8_4_8(C_FAMILY="art...
Compiling module xil_defaultlib.instruction_memory
Compiling module xil_defaultlib.instruction_mem
Compiling module xil_defaultlib.program_counter
Compiling module xil_defaultlib.instruction_decoder
Compiling module xil_defaultlib.reg_bank
Compiling module xil_defaultlib.full_adder_structural
Compiling module xil_defaultlib.adder_32_bit
Compiling module xil_defaultlib.subtractor_32_bit
Compiling module xil_defaultlib.and_alu
Compiling module xil_defaultlib.and_32_bit
Compiling module xil_defaultlib.or_alu
Compiling module xil_defaultlib.or_32_bit
Compiling module xil_defaultlib.xor_alu
Compiling module xil_defaultlib.xor_32_bit
Compiling module xil_defaultlib.not_alu
Compiling module xil_defaultlib.not_32_bit
Compiling module xil_defaultlib.sll_32_bit
Compiling module xil_defaultlib.sra_32_bit
Compiling module xil_defaultlib.srl_32_bit
Compiling module xil_defaultlib.slt_32_bit
Compiling module xil_defaultlib.sgt_32_bit
Compiling module xil_defaultlib.nor_32_bit
Compiling module xil_defaultlib.lui_32_bit
Compiling module xil_defaultlib.two_bit_adder
Compiling module xil_defaultlib.three_bit_adder
Compiling module xil_defaultlib.hamm_alu
Compiling module xil_defaultlib.ham_32_bit
Compiling module xil_defaultlib.cmov
Compiling module xil_defaultlib.alu_control_decoder
Compiling module xil_defaultlib.alu
Compiling module blk_mem_gen_v8_4_8.blk_mem_gen_v8_4_8_mem_module(C_...
Compiling module blk_mem_gen_v8_4_8.blk_mem_gen_v8_4_8(C_FAMILY="art...
Compiling module xil_defaultlib.data_memory
Compiling module xil_defaultlib.data_mem
Compiling module xil_defaultlib.main_control
Compiling module xil_defaultlib.branching_mechanism
Compiling module xil_defaultlib.risc
Compiling module xil_defaultlib.tb
Compiling module xil_defaultlib.glbl
Built simulation snapshot tb_behav
